<?xml version="1.0" encoding="UTF-8"?>
<testng-results skipped="0" failed="0" ignored="0" total="1" passed="1">
  <reporter-output>
  </reporter-output>
  <suite name="Default suite" duration-ms="67740" started-at="2018-06-14T10:02:23Z" finished-at="2018-06-14T10:03:31Z">
    <groups>
      <group name="cucumber">
        <method signature="AbstractTestNGCucumberTests.feature(cucumber.api.testng.CucumberFeatureWrapper)[pri:0, instance:runners.TestRunner@595b007d]" name="feature" class="cucumber.api.testng.AbstractTestNGCucumberTests"/>
      </group> <!-- cucumber -->
    </groups>
    <test name="Default test" duration-ms="67740" started-at="2018-06-14T10:02:23Z" finished-at="2018-06-14T10:03:31Z">
      <class name="runners.TestRunner">
        <test-method status="PASS" signature="setUpClass()[pri:0, instance:runners.TestRunner@595b007d]" name="setUpClass" is-config="true" duration-ms="210" started-at="2018-06-14T10:02:23Z" finished-at="2018-06-14T10:02:24Z">
          <reporter-output>
          </reporter-output>
        </test-method> <!-- setUpClass -->
        <test-method status="PASS" signature="setup()[pri:0, instance:runners.TestRunner@595b007d]" name="setup" is-config="true" duration-ms="15" started-at="2018-06-14T10:02:24Z" finished-at="2018-06-14T10:02:24Z">
          <reporter-output>
          </reporter-output>
        </test-method> <!-- setup -->
        <test-method status="PASS" signature="feature(cucumber.api.testng.CucumberFeatureWrapper)[pri:0, instance:runners.TestRunner@595b007d]" name="feature" duration-ms="67224" started-at="2018-06-14T10:02:24Z" description="Runs Cucumber Feature" data-provider="features" finished-at="2018-06-14T10:03:31Z">
          <params>
            <param index="0">
              <value>
                <![CDATA[Automated End2End Tests]]>
              </value>
            </param>
          </params>
          <reporter-output>
          </reporter-output>
        </test-method> <!-- feature -->
        <test-method status="PASS" signature="writeExtentReport()[pri:0, instance:runners.TestRunner@595b007d]" name="writeExtentReport" is-config="true" duration-ms="8" started-at="2018-06-14T10:03:31Z" finished-at="2018-06-14T10:03:31Z">
          <reporter-output>
          </reporter-output>
        </test-method> <!-- writeExtentReport -->
        <test-method status="PASS" signature="tearDownClass()[pri:0, instance:runners.TestRunner@595b007d]" name="tearDownClass" is-config="true" duration-ms="215" started-at="2018-06-14T10:03:31Z" finished-at="2018-06-14T10:03:31Z">
          <reporter-output>
          </reporter-output>
        </test-method> <!-- tearDownClass -->
      </class> <!-- runners.TestRunner -->
    </test> <!-- Default test -->
  </suite> <!-- Default suite -->
</testng-results>
